<?xml version="1.0" encoding="UTF-8"?>
<testng-results skipped="0" failed="0" ignored="0" total="1" passed="1">
  <reporter-output>
  </reporter-output>
  <suite name="Default suite" duration-ms="34719" started-at="2021-04-19T15:20:28 IST" finished-at="2021-04-19T15:21:03 IST">
    <groups>
    </groups>
    <test name="Default test" duration-ms="34719" started-at="2021-04-19T15:20:28 IST" finished-at="2021-04-19T15:21:03 IST">
      <class name="com.driver.factory.Apptest">
        <test-method status="PASS" signature="setAllureEnvironment()[pri:0, instance:com.driver.factory.Apptest@71eaef6a]" name="setAllureEnvironment" is-config="true" duration-ms="264" started-at="2021-04-19T15:20:28 IST" finished-at="2021-04-19T15:20:28 IST">
          <reporter-output>
          </reporter-output>
        </test-method> <!-- setAllureEnvironment -->
        <test-method status="PASS" signature="kickStart()[pri:1, instance:com.driver.factory.Apptest@71eaef6a]" name="kickStart" duration-ms="34359" started-at="2021-04-19T15:20:28 IST" finished-at="2021-04-19T15:21:03 IST">
          <reporter-output>
          </reporter-output>
        </test-method> <!-- kickStart -->
      </class> <!-- com.driver.factory.Apptest -->
    </test> <!-- Default test -->
  </suite> <!-- Default suite -->
</testng-results>
